<?xml version="1.0" encoding="UTF-8"?>
<!-- Generated by org.testng.reporters.JUnitReportReporter -->
<testsuite hostname="Sheetal-Zoof-Laptop" failures="0" tests="1" name="FirstAutomationFolder.Testng" time="0.014" errors="0" timestamp="2023-05-12T15:14:35 IST" skipped="0">
  <testcase classname="FirstAutomationFolder.Testng" name="rest" time="0.014"/>
  <system-out/>
</testsuite> <!-- FirstAutomationFolder.Testng -->
